[11-Mar-2021 13:25:49 UTC] PHP Notice:  Undefined index: force_filters in /data/wp-ravdori/wp-content/plugins/enhanced-media-library/enhanced-media-library.php on line 506
[11-Mar-2021 13:25:49 UTC] PHP Deprecated:  contextual_help <strong>לא קיים</strong> מאז גרסה 3.3.0! השתמשו ב get_current_screen()->add_help_tab(), get_current_screen()->remove_help_tab() במקום. in /data/wp-ravdori/wp-includes/functions.php on line 5234
[11-Mar-2021 13:26:02 UTC] PHP Notice:  Undefined index: force_filters in /data/wp-ravdori/wp-content/plugins/enhanced-media-library/enhanced-media-library.php on line 506
[11-Mar-2021 13:26:03 UTC] PHP Deprecated:  contextual_help <strong>לא קיים</strong> מאז גרסה 3.3.0! השתמשו ב get_current_screen()->add_help_tab(), get_current_screen()->remove_help_tab() במקום. in /data/wp-ravdori/wp-includes/functions.php on line 5234
[11-Mar-2021 13:26:30 UTC] PHP Notice:  Undefined index: force_filters in /data/wp-ravdori/wp-content/plugins/enhanced-media-library/enhanced-media-library.php on line 506
[11-Mar-2021 13:26:30 UTC] PHP Deprecated:  contextual_help <strong>לא קיים</strong> מאז גרסה 3.3.0! השתמשו ב get_current_screen()->add_help_tab(), get_current_screen()->remove_help_tab() במקום. in /data/wp-ravdori/wp-includes/functions.php on line 5234
[11-Mar-2021 13:26:35 UTC] PHP Notice:  Undefined index: force_filters in /data/wp-ravdori/wp-content/plugins/enhanced-media-library/enhanced-media-library.php on line 506
[11-Mar-2021 13:26:35 UTC] PHP Deprecated:  contextual_help <strong>לא קיים</strong> מאז גרסה 3.3.0! השתמשו ב get_current_screen()->add_help_tab(), get_current_screen()->remove_help_tab() במקום. in /data/wp-ravdori/wp-includes/functions.php on line 5234
[11-Mar-2021 13:26:41 UTC] PHP Notice:  Undefined index: force_filters in /data/wp-ravdori/wp-content/plugins/enhanced-media-library/enhanced-media-library.php on line 506
[11-Mar-2021 13:26:41 UTC] PHP Deprecated:  contextual_help <strong>לא קיים</strong> מאז גרסה 3.3.0! השתמשו ב get_current_screen()->add_help_tab(), get_current_screen()->remove_help_tab() במקום. in /data/wp-ravdori/wp-includes/functions.php on line 5234
[11-Mar-2021 13:26:50 UTC] PHP Warning:  session_start(): Cannot start session when headers already sent in /data/wp-ravdori/wp-content/themes/ravdori/functions/wizard/BH_SessionManager.php on line 63
[11-Mar-2021 13:26:50 UTC] PHP Notice:  Undefined index: force_filters in /data/wp-ravdori/wp-content/plugins/enhanced-media-library/enhanced-media-library.php on line 506
[11-Mar-2021 13:26:50 UTC] PHP Deprecated:  contextual_help <strong>לא קיים</strong> מאז גרסה 3.3.0! השתמשו ב get_current_screen()->add_help_tab(), get_current_screen()->remove_help_tab() במקום. in /data/wp-ravdori/wp-includes/functions.php on line 5236
[11-Mar-2021 13:27:27 UTC] PHP Notice:  Undefined index: force_filters in /data/wp-ravdori/wp-content/plugins/enhanced-media-library/enhanced-media-library.php on line 506
[11-Mar-2021 13:27:27 UTC] PHP Deprecated:  contextual_help <strong>לא קיים</strong> מאז גרסה 3.3.0! השתמשו ב get_current_screen()->add_help_tab(), get_current_screen()->remove_help_tab() במקום. in /data/wp-ravdori/wp-includes/functions.php on line 5236
[11-Mar-2021 13:27:42 UTC] PHP Notice:  Undefined index: force_filters in /data/wp-ravdori/wp-content/plugins/enhanced-media-library/enhanced-media-library.php on line 506
[11-Mar-2021 13:27:42 UTC] PHP Deprecated:  contextual_help <strong>לא קיים</strong> מאז גרסה 3.3.0! השתמשו ב get_current_screen()->add_help_tab(), get_current_screen()->remove_help_tab() במקום. in /data/wp-ravdori/wp-includes/functions.php on line 5236
[11-Mar-2021 13:27:54 UTC] PHP Deprecated:  like_escape <strong>לא קיים</strong> מאז גרסה 4.0.0! השתמשו ב wpdb::esc_like() במקום. in /data/wp-ravdori/wp-includes/functions.php on line 4861
[11-Mar-2021 13:27:54 UTC] PHP Notice:  Undefined variable: post_id in /data/wp-ravdori/wp-content/themes/ravdori/functions/database/quotes.php on line 149
[11-Mar-2021 13:27:54 UTC] PHP Notice:  wpdb::prepare נקרא <strong>בצורה לא תקינה</strong>. הפרמטרים של השאילתה wpdb::prepare() חייבת לכלול placeholder. למידע נוסף כנסו ל<a href="https://wordpress.org/support/article/debugging-in-wordpress/">ניפוי תקלות בוורדפרס</a>. (הודעה זו נוספה בגרסה 3.9.0.) in /data/wp-ravdori/wp-includes/functions.php on line 5313
[11-Mar-2021 13:27:54 UTC] PHP Notice:  wpdb::prepare נקרא <strong>בצורה לא תקינה</strong>. השאילתה אינו מכילה מספר נכון של מצייני מיקום (0) לעומת מספר הארגומנטים שהוזנו (1). למידע נוסף כנסו ל<a href="https://wordpress.org/support/article/debugging-in-wordpress/">ניפוי תקלות בוורדפרס</a>. (הודעה זו נוספה בגרסה 4.8.3.) in /data/wp-ravdori/wp-includes/functions.php on line 5313
[11-Mar-2021 13:27:58 UTC] PHP Notice:  Undefined index: force_filters in /data/wp-ravdori/wp-content/plugins/enhanced-media-library/enhanced-media-library.php on line 506
[11-Mar-2021 13:27:58 UTC] PHP Deprecated:  contextual_help <strong>לא קיים</strong> מאז גרסה 3.3.0! השתמשו ב get_current_screen()->add_help_tab(), get_current_screen()->remove_help_tab() במקום. in /data/wp-ravdori/wp-includes/functions.php on line 5236
[11-Mar-2021 13:28:01 UTC] PHP Notice:  Undefined index: force_filters in /data/wp-ravdori/wp-content/plugins/enhanced-media-library/enhanced-media-library.php on line 506
[11-Mar-2021 13:28:01 UTC] PHP Deprecated:  contextual_help <strong>לא קיים</strong> מאז גרסה 3.3.0! השתמשו ב get_current_screen()->add_help_tab(), get_current_screen()->remove_help_tab() במקום. in /data/wp-ravdori/wp-includes/functions.php on line 5236
[11-Mar-2021 13:28:45 UTC] PHP Notice:  Undefined index: force_filters in /data/wp-ravdori/wp-content/plugins/enhanced-media-library/enhanced-media-library.php on line 506
[11-Mar-2021 13:28:45 UTC] PHP Deprecated:  contextual_help <strong>לא קיים</strong> מאז גרסה 3.3.0! השתמשו ב get_current_screen()->add_help_tab(), get_current_screen()->remove_help_tab() במקום. in /data/wp-ravdori/wp-includes/functions.php on line 5236
[11-Mar-2021 13:28:55 UTC] PHP Notice:  Undefined index: force_filters in /data/wp-ravdori/wp-content/plugins/enhanced-media-library/enhanced-media-library.php on line 506
[11-Mar-2021 13:28:55 UTC] PHP Deprecated:  contextual_help <strong>לא קיים</strong> מאז גרסה 3.3.0! השתמשו ב get_current_screen()->add_help_tab(), get_current_screen()->remove_help_tab() במקום. in /data/wp-ravdori/wp-includes/functions.php on line 5236
[11-Mar-2021 13:29:44 UTC] PHP Notice:  Undefined offset: 29 in /data/wp-ravdori/wp-content/plugins/wpmudev-updates/includes/class-wpmudev-dashboard-ui.php on line 1802
[11-Mar-2021 13:29:44 UTC] PHP Notice:  Trying to access array offset on value of type null in /data/wp-ravdori/wp-content/plugins/wpmudev-updates/includes/class-wpmudev-dashboard-ui.php on line 1802
[11-Mar-2021 13:29:44 UTC] PHP Notice:  Undefined offset: 29 in /data/wp-ravdori/wp-content/plugins/wpmudev-updates/includes/class-wpmudev-dashboard-ui.php on line 1802
[11-Mar-2021 13:29:44 UTC] PHP Notice:  Trying to access array offset on value of type null in /data/wp-ravdori/wp-content/plugins/wpmudev-updates/includes/class-wpmudev-dashboard-ui.php on line 1802
[11-Mar-2021 13:29:44 UTC] PHP Notice:  Undefined index: force_filters in /data/wp-ravdori/wp-content/plugins/enhanced-media-library/enhanced-media-library.php on line 506
[11-Mar-2021 13:29:44 UTC] PHP Deprecated:  contextual_help <strong>לא קיים</strong> מאז גרסה 3.3.0! השתמשו ב get_current_screen()->add_help_tab(), get_current_screen()->remove_help_tab() במקום. in /data/wp-ravdori/wp-includes/functions.php on line 5236
[11-Mar-2021 13:29:56 UTC] PHP Notice:  Undefined offset: 29 in /data/wp-ravdori/wp-content/plugins/wpmudev-updates/includes/class-wpmudev-dashboard-ui.php on line 1802
[11-Mar-2021 13:29:56 UTC] PHP Notice:  Trying to access array offset on value of type null in /data/wp-ravdori/wp-content/plugins/wpmudev-updates/includes/class-wpmudev-dashboard-ui.php on line 1802
[11-Mar-2021 13:29:56 UTC] PHP Notice:  Undefined offset: 29 in /data/wp-ravdori/wp-content/plugins/wpmudev-updates/includes/class-wpmudev-dashboard-ui.php on line 1802
[11-Mar-2021 13:29:56 UTC] PHP Notice:  Trying to access array offset on value of type null in /data/wp-ravdori/wp-content/plugins/wpmudev-updates/includes/class-wpmudev-dashboard-ui.php on line 1802
[11-Mar-2021 13:29:57 UTC] PHP Notice:  Undefined index: force_filters in /data/wp-ravdori/wp-content/plugins/enhanced-media-library/enhanced-media-library.php on line 506
[11-Mar-2021 13:29:57 UTC] PHP Deprecated:  contextual_help <strong>לא קיים</strong> מאז גרסה 3.3.0! השתמשו ב get_current_screen()->add_help_tab(), get_current_screen()->remove_help_tab() במקום. in /data/wp-ravdori/wp-includes/functions.php on line 5236
[11-Mar-2021 13:30:03 UTC] PHP Notice:  Undefined index: force_filters in /data/wp-ravdori/wp-content/plugins/enhanced-media-library/enhanced-media-library.php on line 506
[11-Mar-2021 13:30:03 UTC] PHP Deprecated:  contextual_help <strong>לא קיים</strong> מאז גרסה 3.3.0! השתמשו ב get_current_screen()->add_help_tab(), get_current_screen()->remove_help_tab() במקום. in /data/wp-ravdori/wp-includes/functions.php on line 5236
[11-Mar-2021 13:30:08 UTC] PHP Notice:  Undefined index: force_filters in /data/wp-ravdori/wp-content/plugins/enhanced-media-library/enhanced-media-library.php on line 506
[11-Mar-2021 13:30:08 UTC] PHP Deprecated:  contextual_help <strong>לא קיים</strong> מאז גרסה 3.3.0! השתמשו ב get_current_screen()->add_help_tab(), get_current_screen()->remove_help_tab() במקום. in /data/wp-ravdori/wp-includes/functions.php on line 5236
[11-Mar-2021 13:30:15 UTC] PHP Notice:  Undefined index: force_filters in /data/wp-ravdori/wp-content/plugins/enhanced-media-library/enhanced-media-library.php on line 506
[11-Mar-2021 13:30:15 UTC] PHP Deprecated:  contextual_help <strong>לא קיים</strong> מאז גרסה 3.3.0! השתמשו ב get_current_screen()->add_help_tab(), get_current_screen()->remove_help_tab() במקום. in /data/wp-ravdori/wp-includes/functions.php on line 5236
[11-Mar-2021 13:30:29 UTC] PHP Notice:  Undefined offset: 29 in /data/wp-ravdori/wp-content/plugins/wpmudev-updates/includes/class-wpmudev-dashboard-ui.php on line 1802
[11-Mar-2021 13:30:29 UTC] PHP Notice:  Trying to access array offset on value of type null in /data/wp-ravdori/wp-content/plugins/wpmudev-updates/includes/class-wpmudev-dashboard-ui.php on line 1802
[11-Mar-2021 13:30:29 UTC] PHP Notice:  Undefined offset: 29 in /data/wp-ravdori/wp-content/plugins/wpmudev-updates/includes/class-wpmudev-dashboard-ui.php on line 1802
[11-Mar-2021 13:30:29 UTC] PHP Notice:  Trying to access array offset on value of type null in /data/wp-ravdori/wp-content/plugins/wpmudev-updates/includes/class-wpmudev-dashboard-ui.php on line 1802
[11-Mar-2021 13:30:29 UTC] PHP Notice:  Undefined index: force_filters in /data/wp-ravdori/wp-content/plugins/enhanced-media-library/enhanced-media-library.php on line 506
[11-Mar-2021 13:30:29 UTC] PHP Deprecated:  contextual_help <strong>לא קיים</strong> מאז גרסה 3.3.0! השתמשו ב get_current_screen()->add_help_tab(), get_current_screen()->remove_help_tab() במקום. in /data/wp-ravdori/wp-includes/functions.php on line 5236
[11-Mar-2021 13:30:37 UTC] PHP Notice:  Undefined offset: 29 in /data/wp-ravdori/wp-content/plugins/wpmudev-updates/includes/class-wpmudev-dashboard-ui.php on line 1802
[11-Mar-2021 13:30:37 UTC] PHP Notice:  Trying to access array offset on value of type null in /data/wp-ravdori/wp-content/plugins/wpmudev-updates/includes/class-wpmudev-dashboard-ui.php on line 1802
[11-Mar-2021 13:30:37 UTC] PHP Notice:  Undefined offset: 29 in /data/wp-ravdori/wp-content/plugins/wpmudev-updates/includes/class-wpmudev-dashboard-ui.php on line 1802
[11-Mar-2021 13:30:37 UTC] PHP Notice:  Trying to access array offset on value of type null in /data/wp-ravdori/wp-content/plugins/wpmudev-updates/includes/class-wpmudev-dashboard-ui.php on line 1802
[11-Mar-2021 13:30:41 UTC] PHP Notice:  Trying to access array offset on value of type bool in /data/wp-ravdori/wp-content/plugins/wpmudev-updates/includes/class-wpmudev-dashboard-api.php on line 1274
[11-Mar-2021 13:30:41 UTC] PHP Notice:  Trying to access array offset on value of type bool in /data/wp-ravdori/wp-content/plugins/wpmudev-updates/includes/class-wpmudev-dashboard-api.php on line 1280
[11-Mar-2021 13:30:42 UTC] PHP Notice:  Undefined index: force_filters in /data/wp-ravdori/wp-content/plugins/enhanced-media-library/enhanced-media-library.php on line 506
[11-Mar-2021 13:30:42 UTC] PHP Deprecated:  contextual_help <strong>לא קיים</strong> מאז גרסה 3.3.0! השתמשו ב get_current_screen()->add_help_tab(), get_current_screen()->remove_help_tab() במקום. in /data/wp-ravdori/wp-includes/functions.php on line 5236
[11-Mar-2021 13:30:52 UTC] PHP Notice:  Undefined index: force_filters in /data/wp-ravdori/wp-content/plugins/enhanced-media-library/enhanced-media-library.php on line 506
[11-Mar-2021 13:30:52 UTC] PHP Deprecated:  contextual_help <strong>לא קיים</strong> מאז גרסה 3.3.0! השתמשו ב get_current_screen()->add_help_tab(), get_current_screen()->remove_help_tab() במקום. in /data/wp-ravdori/wp-includes/functions.php on line 5236
[11-Mar-2021 13:31:10 UTC] PHP Notice:  Undefined index: force_filters in /data/wp-ravdori/wp-content/plugins/enhanced-media-library/enhanced-media-library.php on line 506
[11-Mar-2021 13:31:10 UTC] PHP Deprecated:  contextual_help <strong>לא קיים</strong> מאז גרסה 3.3.0! השתמשו ב get_current_screen()->add_help_tab(), get_current_screen()->remove_help_tab() במקום. in /data/wp-ravdori/wp-includes/functions.php on line 5236
[11-Mar-2021 13:32:45 UTC] PHP Notice:  Undefined index: force_filters in /data/wp-ravdori/wp-content/plugins/enhanced-media-library/enhanced-media-library.php on line 506
[11-Mar-2021 13:32:45 UTC] PHP Deprecated:  contextual_help <strong>לא קיים</strong> מאז גרסה 3.3.0! השתמשו ב get_current_screen()->add_help_tab(), get_current_screen()->remove_help_tab() במקום. in /data/wp-ravdori/wp-includes/functions.php on line 5236
[11-Mar-2021 13:32:48 UTC] PHP Notice:  Undefined index: force_filters in /data/wp-ravdori/wp-content/plugins/enhanced-media-library/enhanced-media-library.php on line 506
[11-Mar-2021 13:32:48 UTC] PHP Deprecated:  contextual_help <strong>לא קיים</strong> מאז גרסה 3.3.0! השתמשו ב get_current_screen()->add_help_tab(), get_current_screen()->remove_help_tab() במקום. in /data/wp-ravdori/wp-includes/functions.php on line 5236
[11-Mar-2021 13:32:50 UTC] PHP Notice:  Undefined index: force_filters in /data/wp-ravdori/wp-content/plugins/enhanced-media-library/enhanced-media-library.php on line 506
[11-Mar-2021 13:32:50 UTC] PHP Deprecated:  contextual_help <strong>לא קיים</strong> מאז גרסה 3.3.0! השתמשו ב get_current_screen()->add_help_tab(), get_current_screen()->remove_help_tab() במקום. in /data/wp-ravdori/wp-includes/functions.php on line 5236
[11-Mar-2021 13:33:23 UTC] PHP Warning:  Parameter 2 to advanced_search_content_filter() expected to be a reference, value given in /data/wp-ravdori/wp-includes/class-wp-hook.php on line 292
[11-Mar-2021 13:33:36 UTC] PHP Notice:  Trying to access array offset on value of type null in /data/wp-ravdori/wp-content/themes/ravdori/views/wizard/login.php on line 287
[11-Mar-2021 13:33:44 UTC] PHP Warning:  session_start(): Cannot start session when headers already sent in /data/wp-ravdori/wp-content/themes/ravdori/functions/wizard/BH_SessionManager.php on line 63
[11-Mar-2021 13:35:08 UTC] PHP Warning:  Parameter 2 to advanced_search_content_filter() expected to be a reference, value given in /data/wp-ravdori/wp-includes/class-wp-hook.php on line 292
[11-Mar-2021 13:36:03 UTC] PHP Warning:  Parameter 2 to advanced_search_content_filter() expected to be a reference, value given in /data/wp-ravdori/wp-includes/class-wp-hook.php on line 292
[11-Mar-2021 13:39:59 UTC] PHP Warning:  session_start(): Cannot start session when headers already sent in /data/wp-ravdori/wp-content/themes/ravdori/functions/wizard/BH_SessionManager.php on line 63
[11-Mar-2021 13:41:15 UTC] PHP Notice:  Undefined index: force_filters in /data/wp-ravdori/wp-content/plugins/enhanced-media-library/enhanced-media-library.php on line 506
[11-Mar-2021 13:41:15 UTC] PHP Deprecated:  contextual_help <strong>לא קיים</strong> מאז גרסה 3.3.0! השתמשו ב get_current_screen()->add_help_tab(), get_current_screen()->remove_help_tab() במקום. in /data/wp-ravdori/wp-includes/functions.php on line 5236
[11-Mar-2021 13:43:20 UTC] PHP Warning:  session_start(): Cannot start session when headers already sent in /data/wp-ravdori/wp-content/themes/ravdori/functions/wizard/BH_SessionManager.php on line 63
[11-Mar-2021 13:54:11 UTC] PHP Notice:  Undefined index: force_filters in /data/wp-ravdori/wp-content/plugins/enhanced-media-library/enhanced-media-library.php on line 506
[11-Mar-2021 13:54:11 UTC] PHP Deprecated:  contextual_help <strong>לא קיים</strong> מאז גרסה 3.3.0! השתמשו ב get_current_screen()->add_help_tab(), get_current_screen()->remove_help_tab() במקום. in /data/wp-ravdori/wp-includes/functions.php on line 5236
[11-Mar-2021 13:54:31 UTC] PHP Notice:  Undefined index: force_filters in /data/wp-ravdori/wp-content/plugins/enhanced-media-library/enhanced-media-library.php on line 506
[11-Mar-2021 13:54:31 UTC] PHP Deprecated:  contextual_help <strong>לא קיים</strong> מאז גרסה 3.3.0! השתמשו ב get_current_screen()->add_help_tab(), get_current_screen()->remove_help_tab() במקום. in /data/wp-ravdori/wp-includes/functions.php on line 5236
[11-Mar-2021 13:54:38 UTC] PHP Notice:  Undefined index: force_filters in /data/wp-ravdori/wp-content/plugins/enhanced-media-library/enhanced-media-library.php on line 506
[11-Mar-2021 13:54:38 UTC] PHP Deprecated:  contextual_help <strong>לא קיים</strong> מאז גרסה 3.3.0! השתמשו ב get_current_screen()->add_help_tab(), get_current_screen()->remove_help_tab() במקום. in /data/wp-ravdori/wp-includes/functions.php on line 5236
[11-Mar-2021 13:54:53 UTC] PHP Notice:  Undefined index: force_filters in /data/wp-ravdori/wp-content/plugins/enhanced-media-library/enhanced-media-library.php on line 506
[11-Mar-2021 13:54:53 UTC] PHP Deprecated:  contextual_help <strong>לא קיים</strong> מאז גרסה 3.3.0! השתמשו ב get_current_screen()->add_help_tab(), get_current_screen()->remove_help_tab() במקום. in /data/wp-ravdori/wp-includes/functions.php on line 5236
[11-Mar-2021 13:55:00 UTC] PHP Notice:  Undefined index: force_filters in /data/wp-ravdori/wp-content/plugins/enhanced-media-library/enhanced-media-library.php on line 506
[11-Mar-2021 13:55:00 UTC] PHP Deprecated:  contextual_help <strong>לא קיים</strong> מאז גרסה 3.3.0! השתמשו ב get_current_screen()->add_help_tab(), get_current_screen()->remove_help_tab() במקום. in /data/wp-ravdori/wp-includes/functions.php on line 5236
[11-Mar-2021 13:55:03 UTC] PHP Notice:  Undefined index: force_filters in /data/wp-ravdori/wp-content/plugins/enhanced-media-library/enhanced-media-library.php on line 506
[11-Mar-2021 13:55:03 UTC] PHP Deprecated:  contextual_help <strong>לא קיים</strong> מאז גרסה 3.3.0! השתמשו ב get_current_screen()->add_help_tab(), get_current_screen()->remove_help_tab() במקום. in /data/wp-ravdori/wp-includes/functions.php on line 5236
[11-Mar-2021 13:55:07 UTC] PHP Notice:  Undefined index: force_filters in /data/wp-ravdori/wp-content/plugins/enhanced-media-library/enhanced-media-library.php on line 506
[11-Mar-2021 13:55:07 UTC] PHP Deprecated:  contextual_help <strong>לא קיים</strong> מאז גרסה 3.3.0! השתמשו ב get_current_screen()->add_help_tab(), get_current_screen()->remove_help_tab() במקום. in /data/wp-ravdori/wp-includes/functions.php on line 5236
